[2025-12-19 18:51:00,435] 1025 httpx - INFO - HTTP Request: GET https://dagshub.com/api/v1/user "HTTP/1.1 200 OK"
[2025-12-19 18:51:00,444] 107 dagshub - INFO - Accessing as akhileshkovelakuntla
[2025-12-19 18:51:05,039] 1025 httpx - INFO - HTTP Request: GET https://dagshub.com/api/v1/repos/akhileshkovelakuntla/NetWorkSecurity "HTTP/1.1 200 OK"
[2025-12-19 18:51:07,599] 1025 httpx - INFO - HTTP Request: GET https://dagshub.com/api/v1/user "HTTP/1.1 200 OK"
[2025-12-19 18:51:07,602] 107 dagshub - INFO - Initialized MLflow to track repo "akhileshkovelakuntla/NetWorkSecurity"
[2025-12-19 18:51:07,603] 107 dagshub - INFO - Repository akhileshkovelakuntla/NetWorkSecurity initialized!
[2025-12-19 18:51:07,606] 26 root - INFO - Initiate the data ingestion
[2025-12-19 18:51:08,711] 32 root - INFO - Fetching data from database: NetworkSecurityData, collection: PhishingData
[2025-12-19 18:52:00,413] 34 root - INFO - Number of records fetched: 11055
[2025-12-19 18:52:00,809] 64 root - INFO - Successfully split the data into train and test set
[2025-12-19 18:52:00,809] 65 root - INFO - exited the split_data_as_train_test method of DataIngestion class
[2025-12-19 18:52:00,810] 69 root - INFO - Created the directory for train and test file path
[2025-12-19 18:52:00,936] 75 root - INFO - Train file saved successfully: Artifacts/data_ingestion/ingested/train.csv
[2025-12-19 18:52:00,970] 79 root - INFO - Successfully saved train and test file
[2025-12-19 18:52:00,970] 89 root - INFO - called the dataingestion artifact
[2025-12-19 18:52:00,970] 95 root - INFO - Data ingestion completed successfully
[2025-12-19 18:52:00,971] 28 root - INFO - Data ingestion is completed
[2025-12-19 18:52:00,983] 31 root - INFO - Initiate the data validation
[2025-12-19 18:52:00,983] 66 root - INFO - Data validation has been started
[2025-12-19 18:52:00,983] 70 root - INFO - Reading training and test data for validation
[2025-12-19 18:52:01,021] 74 root - INFO - Validating number of columns in training data
[2025-12-19 18:52:01,021] 31 root - INFO - Required number of columns: 31
[2025-12-19 18:52:01,022] 32 root - INFO - Dataframe has columns: 31
[2025-12-19 18:52:01,022] 31 root - INFO - Required number of columns: 31
[2025-12-19 18:52:01,022] 32 root - INFO - Dataframe has columns: 31
[2025-12-19 18:52:01,022] 84 root - INFO - Number of columns are validated successfully
[2025-12-19 18:52:01,022] 85 root - INFO - Checking Data Drift
[2025-12-19 18:52:01,410] 107 root - INFO - Data validation completed successfully
[2025-12-19 18:52:01,410] 33 root - INFO - Data validation is completed
[2025-12-19 18:52:01,410] 35 root - INFO - Data Transformation is started
[2025-12-19 18:52:01,411] 63 root - INFO - Entered initiate_data_transformation method of DataTransformation class
[2025-12-19 18:52:01,411] 65 root - INFO - Starting data transformation
[2025-12-19 18:52:01,447] 48 root - INFO - Entered get_data_trnasformer_object method of Trnasformation class
[2025-12-19 18:52:01,448] 53 root - INFO - Initialise KNNImputer with {'missing_values': nan, 'n_neighbors': 3, 'weights': 'uniform'}
[2025-12-19 18:52:01,467] 40 root - INFO - Entered the save_object method of MAinutils class
[2025-12-19 18:52:01,473] 44 root - INFO - Exited the save_object method of Mainutis class
[2025-12-19 18:52:01,474] 40 root - INFO - Entered the save_object method of MAinutils class
[2025-12-19 18:52:01,480] 44 root - INFO - Exited the save_object method of Mainutis class
[2025-12-19 18:52:01,480] 38 root - INFO - Data Transformation is completed
[2025-12-19 18:52:01,480] 39 root - INFO - Model Training Started
