[2025-12-17 17:44:08,170] 14 root - INFO - Initiate the data ingestion
[2025-12-17 17:44:08,680] 32 root - INFO - Fetching data from database: NetworkSecurityData, collection: PhishingData
[2025-12-17 17:44:12,938] 34 root - INFO - Number of records fetched: 11055
[2025-12-17 17:44:13,188] 64 root - INFO - Successfully split the data into train and test set
[2025-12-17 17:44:13,189] 65 root - INFO - exited the split_data_as_train_test method of DataIngestion class
[2025-12-17 17:44:13,189] 69 root - INFO - Created the directory for train and test file path
[2025-12-17 17:44:13,265] 75 root - INFO - Train file saved successfully: Artifacts/data_ingestion/ingested/train.csv
[2025-12-17 17:44:13,285] 79 root - INFO - Successfully saved train and test file
[2025-12-17 17:44:13,285] 89 root - INFO - called the dataingestion artifact
[2025-12-17 17:44:13,285] 95 root - INFO - Data ingestion completed successfully
[2025-12-17 17:44:13,285] 17 root - INFO - Data ingestion is completed
[2025-12-17 17:44:13,292] 20 root - INFO - Initiate the data validation
[2025-12-17 17:44:13,292] 69 root - INFO - DAta validation has been started
[2025-12-17 17:44:13,299] 73 root - INFO - Reading training and test data for validation
[2025-12-17 17:44:13,332] 77 root - INFO - Validating number of columns in training data
[2025-12-17 17:44:13,332] 34 root - INFO - Required number of columns: 2
[2025-12-17 17:44:13,332] 35 root - INFO - Dataframe has columns: 31
[2025-12-17 17:44:13,332] 34 root - INFO - Required number of columns: 2
[2025-12-17 17:44:13,332] 35 root - INFO - Dataframe has columns: 31
[2025-12-17 17:44:13,332] 86 root - INFO - Number of columns are validated successfully
[2025-12-17 17:44:13,332] 87 root - INFO - Checking Data Drift
