[2025-12-17 18:52:32,098] 15 root - INFO - Initiate the data ingestion
[2025-12-17 18:52:32,515] 32 root - INFO - Fetching data from database: NetworkSecurityData, collection: PhishingData
[2025-12-17 18:52:35,658] 34 root - INFO - Number of records fetched: 11055
[2025-12-17 18:52:35,954] 64 root - INFO - Successfully split the data into train and test set
[2025-12-17 18:52:35,954] 65 root - INFO - exited the split_data_as_train_test method of DataIngestion class
[2025-12-17 18:52:35,954] 69 root - INFO - Created the directory for train and test file path
[2025-12-17 18:52:36,040] 75 root - INFO - Train file saved successfully: Artifacts/data_ingestion/ingested/train.csv
[2025-12-17 18:52:36,060] 79 root - INFO - Successfully saved train and test file
[2025-12-17 18:52:36,061] 89 root - INFO - called the dataingestion artifact
[2025-12-17 18:52:36,061] 95 root - INFO - Data ingestion completed successfully
[2025-12-17 18:52:36,061] 17 root - INFO - Data ingestion is completed
[2025-12-17 18:52:36,071] 20 root - INFO - Initiate the data validation
[2025-12-17 18:52:36,071] 70 root - INFO - DAta validation has been started
[2025-12-17 18:52:36,077] 74 root - INFO - Reading training and test data for validation
[2025-12-17 18:52:36,104] 78 root - INFO - Validating number of columns in training data
[2025-12-17 18:52:36,104] 34 root - INFO - Required number of columns: 2
[2025-12-17 18:52:36,104] 35 root - INFO - Dataframe has columns: 31
[2025-12-17 18:52:36,105] 34 root - INFO - Required number of columns: 2
[2025-12-17 18:52:36,105] 35 root - INFO - Dataframe has columns: 31
[2025-12-17 18:52:36,105] 87 root - INFO - Number of columns are validated successfully
[2025-12-17 18:52:36,105] 88 root - INFO - Checking Data Drift
[2025-12-17 18:52:36,344] 22 root - INFO - Data validation is completed
