[2025-12-17 17:53:29,122] 14 root - INFO - Initiate the data ingestion
[2025-12-17 17:53:29,609] 32 root - INFO - Fetching data from database: NetworkSecurityData, collection: PhishingData
[2025-12-17 17:53:39,436] 34 root - INFO - Number of records fetched: 11055
[2025-12-17 17:53:39,678] 64 root - INFO - Successfully split the data into train and test set
[2025-12-17 17:53:39,679] 65 root - INFO - exited the split_data_as_train_test method of DataIngestion class
[2025-12-17 17:53:39,679] 69 root - INFO - Created the directory for train and test file path
[2025-12-17 17:53:39,750] 75 root - INFO - Train file saved successfully: Artifacts/data_ingestion/ingested/train.csv
[2025-12-17 17:53:39,769] 79 root - INFO - Successfully saved train and test file
[2025-12-17 17:53:39,769] 89 root - INFO - called the dataingestion artifact
[2025-12-17 17:53:39,769] 95 root - INFO - Data ingestion completed successfully
[2025-12-17 17:53:39,769] 17 root - INFO - Data ingestion is completed
[2025-12-17 17:53:39,776] 20 root - INFO - Initiate the data validation
[2025-12-17 17:53:39,777] 70 root - INFO - DAta validation has been started
[2025-12-17 17:53:39,784] 74 root - INFO - Reading training and test data for validation
[2025-12-17 17:53:39,812] 78 root - INFO - Validating number of columns in training data
[2025-12-17 17:53:39,812] 34 root - INFO - Required number of columns: 2
[2025-12-17 17:53:39,813] 35 root - INFO - Dataframe has columns: 31
[2025-12-17 17:53:39,813] 34 root - INFO - Required number of columns: 2
[2025-12-17 17:53:39,813] 35 root - INFO - Dataframe has columns: 31
[2025-12-17 17:53:39,813] 87 root - INFO - Number of columns are validated successfully
[2025-12-17 17:53:39,813] 88 root - INFO - Checking Data Drift
[2025-12-17 17:53:40,018] 22 root - INFO - Data validation is completed
