[2025-12-18 12:21:45,021] 26 root - INFO - Initiate the data ingestion
[2025-12-18 12:21:45,376] 32 root - INFO - Fetching data from database: NetworkSecurityData, collection: PhishingData
[2025-12-18 12:22:44,438] 34 root - INFO - Number of records fetched: 11055
[2025-12-18 12:22:44,652] 64 root - INFO - Successfully split the data into train and test set
[2025-12-18 12:22:44,652] 65 root - INFO - exited the split_data_as_train_test method of DataIngestion class
[2025-12-18 12:22:44,652] 69 root - INFO - Created the directory for train and test file path
[2025-12-18 12:22:44,712] 75 root - INFO - Train file saved successfully: Artifacts/data_ingestion/ingested/train.csv
[2025-12-18 12:22:44,727] 79 root - INFO - Successfully saved train and test file
[2025-12-18 12:22:44,728] 89 root - INFO - called the dataingestion artifact
[2025-12-18 12:22:44,728] 95 root - INFO - Data ingestion completed successfully
[2025-12-18 12:22:44,728] 28 root - INFO - Data ingestion is completed
[2025-12-18 12:22:44,733] 31 root - INFO - Initiate the data validation
[2025-12-18 12:22:44,733] 66 root - INFO - Data validation has been started
[2025-12-18 12:22:44,733] 70 root - INFO - Reading training and test data for validation
[2025-12-18 12:22:44,752] 74 root - INFO - Validating number of columns in training data
[2025-12-18 12:22:44,752] 31 root - INFO - Required number of columns: 31
[2025-12-18 12:22:44,753] 32 root - INFO - Dataframe has columns: 31
[2025-12-18 12:22:44,753] 31 root - INFO - Required number of columns: 31
[2025-12-18 12:22:44,753] 32 root - INFO - Dataframe has columns: 31
[2025-12-18 12:22:44,753] 84 root - INFO - Number of columns are validated successfully
[2025-12-18 12:22:44,753] 85 root - INFO - Checking Data Drift
[2025-12-18 12:22:44,920] 107 root - INFO - Data validation completed successfully
[2025-12-18 12:22:44,921] 33 root - INFO - Data validation is completed
[2025-12-18 12:22:44,921] 35 root - INFO - Data Transformation is started
[2025-12-18 12:22:44,921] 63 root - INFO - Entered initiate_data_transformation method of DataTransformation class
[2025-12-18 12:22:44,921] 65 root - INFO - Starting data transformation
[2025-12-18 12:22:44,944] 48 root - INFO - Entered get_data_trnasformer_object method of Trnasformation class
[2025-12-18 12:22:44,944] 53 root - INFO - Initialise KNNImputer with {'missing_values': nan, 'n_neighbors': 3, 'weights': 'uniform'}
[2025-12-18 12:22:44,954] 38 root - INFO - Entered the save_object method of MAinutils class
[2025-12-18 12:22:44,960] 42 root - INFO - Exited the save_object method of Mainutis class
[2025-12-18 12:22:44,960] 38 root - INFO - Entered the save_object method of MAinutils class
[2025-12-18 12:22:44,965] 42 root - INFO - Exited the save_object method of Mainutis class
[2025-12-18 12:22:44,965] 38 root - INFO - Data Transformation is completed
[2025-12-18 12:22:44,965] 39 root - INFO - Model Training Started
