[2025-12-19 19:18:07,758] 1025 httpx - INFO - HTTP Request: GET https://dagshub.com/api/v1/user "HTTP/1.1 200 OK"
[2025-12-19 19:18:07,774] 107 dagshub - INFO - Accessing as akhileshkovelakuntla
[2025-12-19 19:18:09,396] 1025 httpx - INFO - HTTP Request: GET https://dagshub.com/api/v1/repos/akhileshkovelakuntla/NetWorkSecurity "HTTP/1.1 200 OK"
[2025-12-19 19:18:11,034] 1025 httpx - INFO - HTTP Request: GET https://dagshub.com/api/v1/user "HTTP/1.1 200 OK"
[2025-12-19 19:18:11,037] 107 dagshub - INFO - Initialized MLflow to track repo "akhileshkovelakuntla/NetWorkSecurity"
[2025-12-19 19:18:11,038] 107 dagshub - INFO - Repository akhileshkovelakuntla/NetWorkSecurity initialized!
[2025-12-19 19:18:11,043] 26 root - INFO - Initiate the data ingestion
[2025-12-19 19:18:11,501] 32 root - INFO - Fetching data from database: NetworkSecurityData, collection: PhishingData
[2025-12-19 19:18:36,828] 34 root - INFO - Number of records fetched: 11055
[2025-12-19 19:18:37,079] 64 root - INFO - Successfully split the data into train and test set
[2025-12-19 19:18:37,079] 65 root - INFO - exited the split_data_as_train_test method of DataIngestion class
[2025-12-19 19:18:37,079] 69 root - INFO - Created the directory for train and test file path
[2025-12-19 19:18:37,183] 75 root - INFO - Train file saved successfully: Artifacts/data_ingestion/ingested/train.csv
[2025-12-19 19:18:37,207] 79 root - INFO - Successfully saved train and test file
[2025-12-19 19:18:37,208] 89 root - INFO - called the dataingestion artifact
[2025-12-19 19:18:37,208] 95 root - INFO - Data ingestion completed successfully
[2025-12-19 19:18:37,208] 28 root - INFO - Data ingestion is completed
[2025-12-19 19:18:37,216] 31 root - INFO - Initiate the data validation
[2025-12-19 19:18:37,217] 66 root - INFO - Data validation has been started
[2025-12-19 19:18:37,217] 70 root - INFO - Reading training and test data for validation
[2025-12-19 19:18:37,241] 74 root - INFO - Validating number of columns in training data
[2025-12-19 19:18:37,241] 31 root - INFO - Required number of columns: 31
[2025-12-19 19:18:37,241] 32 root - INFO - Dataframe has columns: 31
[2025-12-19 19:18:37,241] 31 root - INFO - Required number of columns: 31
[2025-12-19 19:18:37,241] 32 root - INFO - Dataframe has columns: 31
[2025-12-19 19:18:37,241] 84 root - INFO - Number of columns are validated successfully
[2025-12-19 19:18:37,241] 85 root - INFO - Checking Data Drift
[2025-12-19 19:18:37,497] 107 root - INFO - Data validation completed successfully
[2025-12-19 19:18:37,497] 33 root - INFO - Data validation is completed
[2025-12-19 19:18:37,497] 35 root - INFO - Data Transformation is started
[2025-12-19 19:18:37,497] 63 root - INFO - Entered initiate_data_transformation method of DataTransformation class
[2025-12-19 19:18:37,497] 65 root - INFO - Starting data transformation
[2025-12-19 19:18:37,524] 48 root - INFO - Entered get_data_trnasformer_object method of Trnasformation class
[2025-12-19 19:18:37,524] 53 root - INFO - Initialise KNNImputer with {'missing_values': nan, 'n_neighbors': 3, 'weights': 'uniform'}
[2025-12-19 19:18:37,541] 40 root - INFO - Entered the save_object method of MAinutils class
[2025-12-19 19:18:37,546] 44 root - INFO - Exited the save_object method of Mainutis class
[2025-12-19 19:18:37,546] 40 root - INFO - Entered the save_object method of MAinutils class
[2025-12-19 19:18:37,695] 44 root - INFO - Exited the save_object method of Mainutis class
[2025-12-19 19:18:37,696] 38 root - INFO - Data Transformation is completed
[2025-12-19 19:18:37,696] 39 root - INFO - Model Training Started
